android/app/build/outputs/mapping/release/seeds.txt
com.bmsappdev.MainActivity: MainActivity()
com.bmsappdev.MainApplication: MainApplication()
com.bmsappdev.MainActivity
com.bmsappdev.MainApplication
...
com.horcrux.svg.TextProperties$TextDecoration: com.horcrux.svg.TextProperties$TextDecoration valueOf(java.lang.String)
com.google.android.material.R$styleable: int ActionBar_navigationMode
okhttp3.internal.ws.WebSocketProtocol: java.lang.String closeCodeExceptionMessage(int)
okio.ForwardingSink: ForwardingSink(okio.Sink)
com.google.android.material.R$attr: int chipIcon
com.reactnativecommunity.picker.R$id: int action_divider
okhttp3.RequestBody$3: long contentLength()
com.google.android.material.R$style: int Base_TextAppearance_AppCompat_Headline
org.reactnative.camera.CameraViewManager: void setFaceDetecting(org.reactnative.camera.RNCameraView,boolean)
com.jimmydaddy.imagemarker.ImageMarkerManager: void markWithImage(com.facebook.react.bridge.ReadableMap,com.facebook.react.bridge.ReadableMap,java.lang.Integer,java.lang.Integer,java.lang.Float,java.lang.Float,int,java.lang.String,java.lang.String,java.lang.Integer,com.facebook.react.bridge.Promise)
com.google.android.material.R$color: int material_on_background_emphasis_medium
com.horcrux.svg.RenderableView: void setStrokeDasharray(com.facebook.react.bridge.ReadableArray)
com.google.android.material.R$id: int chip
com.facebook.react.views.image.ReactImageManager: android.view.View createViewInstance(com.facebook.react.uimanager.ThemedReactContext)
com.facebook.react.bridge.DynamicFromArray: java.lang.String asString()
com.facebook.react.views.view.ReactViewManager: void setTVPreferredFocus(com.facebook.react.views.view.ReactViewGroup,boolean)
com.facebook.react.bridge.CallbackImpl: CallbackImpl(com.facebook.react.bridge.JSInstance,int)
com.horcrux.svg.RenderableViewManager$TextViewManager: void setDeltaY(com.horcrux.svg.TextView,com.facebook.react.bridge.Dynamic)
okhttp3.Protocol: okhttp3.Protocol HTTP_1_1
com.google.android.material.chip.Chip: void setCheckable(boolean)
com.google.android.material.R$style: int ThemeOverlay_MaterialComponents_ActionBar
androidx.appcompat.R$style: int Animation_AppCompat_Dialog
com.google.android.datatransport.cct.internal.NetworkConnectionInfo$MobileSubtype: com.google.android.datatransport.cct.internal.NetworkConnectionInfo$MobileSubtype[] values()
okhttp3.internal.cache.InternalCache: okhttp3.internal.cache.CacheRequest put(okhttp3.Response)
com.facebook.react.modules.accessibilityinfo.AccessibilityInfoModule: void isTouchExplorationEnabled(com.facebook.react.bridge.Callback)
com.google.android.material.R$string: int mtrl_picker_invalid_format
androidx.recyclerview.widget.RecyclerView: java.lang.Class[] LAYOUT_MANAGER_CONSTRUCTOR_SIGNATURE
com.google.android.material.R$style: int TextAppearance_Design_Counter
com.facebook.react.bridge.ReactContext: boolean mDestroyed
com.facebook.react.R$id: int centerInside
com.facebook.react.views.viewpager.ReactViewPagerManager: void setPeekEnabled(android.view.View,boolean)
com.horcrux.svg.RenderableViewManager$LineViewManager
com.horcrux.svg.VirtualView: void setClipPath(java.lang.String)
com.google.android.material.R$style: int ThemeOverlay_MaterialComponents_MaterialAlertDialog_Centered
com.google.android.material.card.MaterialCardView: void setRippleColor(android.content.res.ColorStateList)
com.facebook.react.modules.core.TimingModule: void onHeadlessJsTaskFinish(int)
com.google.android.material.R$attr: int actionProviderClass
com.google.android.material.R$attr: int actionModeSplitBackground
com.facebook.react.modules.i18nmanager.I18nManagerModule: com.facebook.react.modules.i18nmanager.I18nUtil sharedI18nUtilInstance
com.google.android.material.R$attr: int searchHintIcon
com.google.android.material.R$styleable: int[] BottomSheetBehavior_Layout
okhttp3.internal.http2.Hpack$Writer: void setHeaderTableSizeSetting(int)
androidx.recyclerview.R$styleable: int RecyclerView_spanCount
com.google.android.material.R$dimen: int mtrl_textinput_box_label_cutout_padding
com.learnium.RNDeviceInfo.RNDeviceModule: void getBatteryLevel(com.facebook.react.bridge.Promise)