android/app/build/outputs/mapping/release/mapping.txt
# compiler: R8
# compiler_version: 2.0.88
# min_api: 21
# pg_map_id: 690a6a8
# common_typos_disable
com.bmsappdev.MainActivity -> com.bmsappdev.MainActivity:
    java.lang.String getMainComponentName() -> M
com.bmsappdev.MainApplication -> com.bmsappdev.MainApplication:
    com.facebook.react.ReactNativeHost mReactNativeHost -> d
    com.facebook.react.ReactNativeHost getReactNativeHost() -> a
    void initializeFlipper(android.content.Context,com.facebook.react.ReactInstanceManager) -> b
com.bmsappdev.MainApplication$1 -> com.bmsappdev.MainApplication$a:
    java.lang.String getJSMainModuleName() -> e
    java.util.List getPackages() -> g
    boolean getUseDeveloperSupport() -> k
...
com.google.android.exoplayer2.audio.AudioTrackPositionTracker$Listener -> d.h.a.c.b2.u$a:
    void onUnderrun(int,long) -> a
    void onPositionAdvancing(long) -> b
    void onInvalidLatency(long) -> c
    void onPositionFramesMismatch(long,long,long,long) -> d
    void onSystemTimeUsMismatch(long,long,long,long) -> e
com.google.android.exoplayer2.audio.AuxEffectInfo -> d.h.a.c.b2.v:
    float sendLevel -> b
    int effectId -> a
com.google.android.exoplayer2.audio.BaseAudioProcessor -> d.h.a.c.b2.w:
    com.google.android.exoplayer2.audio.AudioProcessor$AudioFormat pendingInputAudioFormat -> d
    com.google.android.exoplayer2.audio.AudioProcessor$AudioFormat pendingOutputAudioFormat -> e
    com.google.android.exoplayer2.audio.AudioProcessor$AudioFormat inputAudioFormat -> b
    com.google.android.exoplayer2.audio.AudioProcessor$AudioFormat outputAudioFormat -> c
    java.nio.ByteBuffer outputBuffer -> g
    java.nio.ByteBuffer buffer -> f
    boolean inputEnded -> h
    void reset() -> a
    java.nio.ByteBuffer getOutput() -> b
    boolean isEnded() -> c
    com.google.android.exoplayer2.audio.AudioProcessor$AudioFormat configure(com.google.android.exoplayer2.audio.AudioProcessor$AudioFormat) -> e
    void queueEndOfStream() -> f
    boolean isActive() -> g
    boolean hasPendingOutput() -> h
    com.google.android.exoplayer2.audio.AudioProcessor$AudioFormat onConfigure(com.google.android.exoplayer2.audio.AudioProcessor$AudioFormat) -> i
    void onFlush() -> j
    void onQueueEndOfStream() -> k
    void onReset() -> l
    java.nio.ByteBuffer replaceOutputBuffer(int) -> m
com.google.android.exoplayer2.audio.ChannelMappingAudioProcessor -> d.h.a.c.b2.x:
    int[] pendingOutputChannels -> i
    int[] outputChannels -> j
    void queueInput(java.nio.ByteBuffer) -> d
    com.google.android.exoplayer2.audio.AudioProcessor$AudioFormat onConfigure(com.google.android.exoplayer2.audio.AudioProcessor$AudioFormat) -> i
    void onFlush() -> j
    void onReset() -> l
    void setChannelMap(int[]) -> n
com.google.android.exoplayer2.audio.DefaultAudioSink -> d.h.a.c.b2.y:
    int preV21OutputBufferOffset -> O
    com.google.android.exoplayer2.audio.DefaultAudioSink$MediaPositionParameters afterDrainParameters -> u
    com.google.android.exoplayer2.audio.AudioProcessor[] toIntPcmAvailableAudioProcessors -> f
    boolean externalAudioSessionIdProvided -> T
    java.nio.ByteBuffer avSyncHeader -> x
    long lastFeedElapsedRealtimeMs -> X
    int bytesUntilNextAvSync -> y
    int drainingAudioProcessorIndex -> P
    com.google.android.exoplayer2.audio.ChannelMappingAudioProcessor channelMappingAudioProcessor -> d
    java.nio.ByteBuffer outputBuffer -> M
    int inputBufferAccessUnitCount -> L
    android.os.ConditionVariable releasingConditionVariable -> h
    com.google.android.exoplayer2.audio.DefaultAudioSink$AudioProcessorChain audioProcessorChain -> b
    java.util.ArrayDeque mediaPositionParametersCheckpoints -> j
    long startMediaTimeUs -> G
    int framesPerEncodedSample -> D
    long writtenEncodedFrames -> C
    boolean handledEndOfStream -> Q
    com.google.android.exoplayer2.audio.AudioProcessor[] activeAudioProcessors -> I
    com.google.android.exoplayer2.audio.AudioAttributes audioAttributes -> t
    boolean offloadDisabledUntilNextConfiguration -> Y
    com.google.android.exoplayer2.audio.DefaultAudioSink$Configuration configuration -> r
    int audioSessionId -> U
    com.google.android.exoplayer2.audio.TrimmingAudioProcessor trimmingAudioProcessor -> e
com.google.android.exoplayer2.audio.DefaultAudioSink$1 -> d.h.a.c.b2.y$a:
    com.google.android.exoplayer2.audio.DefaultAudioSink this$0 -> e
    android.media.AudioTrack val$toRelease -> d