android/app/build/outputs/mapping/release/usage.txt
com.bmsappdev.R$raw
com.bmsappdev.R$attr
com.bmsappdev.R
com.bmsappdev.R$font
com.bmsappdev.R$array
com.bmsappdev.R$style
com.bmsappdev.R$mipmap
com.bmsappdev.BuildConfig
com.bmsappdev.R$id
com.bmsappdev.R$anim
com.bmsappdev.R$styleable
com.bmsappdev.R$color
com.bmsappdev.R$xml
com.bmsappdev.R$animator
com.bmsappdev.R$integer
com.bmsappdev.R$interpolator
com.bmsappdev.R$plurals
com.bmsappdev.R$layout
com.bmsappdev.R$drawable
com.bmsappdev.R$string
com.bmsappdev.R$dimen
com.bmsappdev.R$bool
com.bmsappdev.MainApplication$1:
    final synthetic com.bmsappdev.MainApplication this$0
...
com.google.common.util.concurrent.AggregateFutureState
kotlin.ranges.IntRange
androidx.loader.content.Loader$OnLoadCompleteListener:
    public abstract void onLoadComplete(androidx.loader.content.Loader,java.lang.Object)
androidx.core.view.GestureDetectorCompat$GestureDetectorCompatImplBase
com.google.android.exoplayer2.transformer.Transformer$ProgressState
com.google.zxing.maxicode.MaxiCodeReader:
    public com.google.zxing.Result decode(com.google.zxing.BinaryBitmap)
    private static final int MATRIX_WIDTH
    private static final int MATRIX_HEIGHT
androidx.core.widget.AutoSizeableTextView:
    public abstract void setAutoSizeTextTypeWithDefaults(int)
    public abstract void setAutoSizeTextTypeUniformWithConfiguration(int,int,int,int)
    public abstract void setAutoSizeTextTypeUniformWithPresetSizes(int[],int)
    public abstract int getAutoSizeTextType()
    public abstract int getAutoSizeStepGranularity()
    public abstract int getAutoSizeMinTextSize()
    public abstract int getAutoSizeMaxTextSize()
    public abstract int[] getAutoSizeTextAvailableSizes()
com.google.android.exoplayer2.source.dash.PlayerEmsgHandler:
    private static final int EMSG_MANIFEST_EXPIRED
androidx.browser.browseractions.BrowserActionsIntent
com.facebook.imagepipeline.common.SourceUriType
androidx.appcompat.widget.Toolbar$ExpandedActionViewMenuPresenter:
    public androidx.appcompat.view.menu.MenuView getMenuView(android.view.ViewGroup)
    public int getId()
    public android.os.Parcelable onSaveInstanceState()
    public void onRestoreInstanceState(android.os.Parcelable)
com.google.common.collect.ImmutableRangeMap
com.google.android.exoplayer2.text.ttml.TtmlSubtitle:
    com.google.android.exoplayer2.text.ttml.TtmlNode getRoot()
    java.util.Map getGlobalStyles()
com.bumptech.glide.load.model.ByteBufferFileLoader:
    private static final java.lang.String TAG
androidx.recyclerview.widget.DiffUtil$Callback
com.google.android.exoplayer2.ui.PlayerNotificationManager$1
com.google.common.base.Predicates$IsEqualToPredicate
androidx.appcompat.widget.ListPopupWindow$1
com.facebook.drawee.R$attr
com.google.common.reflect.Types$JavaVersion$2
com.facebook.imageformat.ImageFormat:
    public java.lang.String getFileExtension()
com.google.common.cache.CacheLoader$UnsupportedLoadingOperationException
com.google.android.gms.vision.face.internal.client.FaceParcel:
    public void <init>(int,int,float,float,float,float,float,float,com.google.android.gms.vision.face.internal.client.LandmarkParcel[],float,float,float)
com.google.android.exoplayer2.ui.AspectRatioFrameLayout:
    public void <init>(android.content.Context)
    public static final int RESIZE_MODE_FIT
    public static final int RESIZE_MODE_FIXED_WIDTH
    public static final int RESIZE_MODE_FIXED_HEIGHT
    public static final int RESIZE_MODE_FILL
    public static final int RESIZE_MODE_ZOOM
    private static final float MAX_ASPECT_RATIO_DEFORMATION_FRACTION
com.google.android.material.tabs.TabLayout
com.google.common.collect.Multisets$ImmutableEntry
com.google.common.base.CaseFormat$1
androidx.viewpager2.R$drawable
com.google.android.gms.dynamic.RemoteCreator
com.google.common.util.concurrent.package-info
com.facebook.react.animated.InterpolationAnimatedNode:
    public static final java.lang.String EXTRAPOLATE_TYPE_IDENTITY
    public static final java.lang.String EXTRAPOLATE_TYPE_CLAMP
    public static final java.lang.String EXTRAPOLATE_TYPE_EXTEND
    private static final java.lang.String fpRegex
com.google.common.collect.MinMaxPriorityQueue
com.google.common.util.concurrent.Atomics
com.google.android.gms.common.api.internal.GoogleServices
com.google.common.base.Platform$1
androidx.legacy.app.ActionBarDrawerToggle$SlideDrawable
android.support.v4.media.MediaBrowserCompat$SubscriptionCallback$SubscriptionCallbackApi26
android.support.v4.media.MediaBrowserCompat$Subscription